TN:
SF:./app/account/account.module.js
FN:1,(anonymous_1)
FNF:1
FNH:1
FNDA:1,(anonymous_1)
DA:1,1
DA:4,1
LF:2
LH:2
BRF:0
BRH:0
end_of_record
TN:
SF:./app/admin/admin.module.js
FN:1,(anonymous_1)
FNF:1
FNH:1
FNDA:1,(anonymous_1)
DA:1,1
DA:4,1
LF:2
LH:2
BRF:0
BRH:0
end_of_record
TN:
SF:./app/app.module.js
FN:1,(anonymous_1)
FNF:1
FNH:1
FNDA:1,(anonymous_1)
DA:1,1
DA:4,1
LF:2
LH:2
BRF:0
BRH:0
end_of_record
TN:
SF:./app/auth/auth.module.js
FN:1,(anonymous_1)
FNF:1
FNH:1
FNDA:1,(anonymous_1)
DA:1,1
DA:4,1
LF:2
LH:2
BRF:0
BRH:0
end_of_record
TN:
SF:./app/blocks/exception/exception.module.js
FN:1,(anonymous_1)
FNF:1
FNH:1
FNDA:1,(anonymous_1)
DA:1,1
DA:4,1
LF:2
LH:2
BRF:0
BRH:0
end_of_record
TN:
SF:./app/blocks/logger/logger.module.js
FN:1,(anonymous_1)
FNF:1
FNH:1
FNDA:1,(anonymous_1)
DA:1,1
DA:4,1
LF:2
LH:2
BRF:0
BRH:0
end_of_record
TN:
SF:./app/blocks/router/router.module.js
FN:1,(anonymous_1)
FNF:1
FNH:1
FNDA:1,(anonymous_1)
DA:1,1
DA:4,1
LF:2
LH:2
BRF:0
BRH:0
end_of_record
TN:
SF:./app/core/core.module.js
FN:1,(anonymous_1)
FNF:1
FNH:1
FNDA:1,(anonymous_1)
DA:1,1
DA:4,1
LF:2
LH:2
BRF:0
BRH:0
end_of_record
TN:
SF:./app/dashboard/dashboard.module.js
FN:1,(anonymous_1)
FNF:1
FNH:1
FNDA:1,(anonymous_1)
DA:1,1
DA:4,1
LF:2
LH:2
BRF:0
BRH:0
end_of_record
TN:
SF:./app/layout/layout.module.js
FN:1,(anonymous_1)
FNF:1
FNH:1
FNDA:1,(anonymous_1)
DA:1,1
DA:4,1
LF:2
LH:2
BRF:0
BRH:0
end_of_record
TN:
SF:./app/people/people.module.js
FN:1,(anonymous_1)
FNF:1
FNH:1
FNDA:1,(anonymous_1)
DA:1,1
DA:4,1
LF:2
LH:2
BRF:0
BRH:0
end_of_record
TN:
SF:./app/widgets/widgets.module.js
FN:1,(anonymous_1)
FNF:1
FNH:1
FNDA:1,(anonymous_1)
DA:1,1
DA:4,1
LF:2
LH:2
BRF:0
BRH:0
end_of_record
TN:
SF:./app/account/account.controller.js
FN:1,(anonymous_1)
FN:10,AccountController
FN:27,activate
FN:29,(anonymous_4)
FN:35,getCurrentUser
FN:37,(anonymous_6)
FNF:6
FNH:6
FNDA:1,(anonymous_1)
FNDA:11,AccountController
FNDA:11,activate
FNDA:11,(anonymous_4)
FNDA:11,getCurrentUser
FNDA:11,(anonymous_6)
DA:1,1
DA:4,1
DA:8,1
DA:10,1
DA:11,11
DA:12,11
DA:14,11
DA:15,11
DA:25,11
DA:27,1
DA:28,11
DA:29,11
DA:30,11
DA:35,1
DA:36,11
DA:38,11
DA:39,11
LF:17
LH:17
BRF:0
BRH:0
end_of_record
TN:
SF:./app/account/account.route.js
FN:1,(anonymous_1)
FN:10,appRun
FN:14,getStates
FNF:3
FNH:3
FNDA:1,(anonymous_1)
FNDA:11,appRun
FNDA:11,getStates
DA:1,1
DA:4,1
DA:8,1
DA:10,1
DA:11,11
DA:14,1
DA:15,11
LF:7
LH:7
BRF:0
BRH:0
end_of_record
TN:
SF:./app/account/account.service.js
FN:1,(anonymous_1)
FN:10,accountService
FN:21,getCurrentUser
FN:25,success
FN:28,fail
FNF:5
FNH:2
FNDA:1,(anonymous_1)
FNDA:11,accountService
FNDA:0,getCurrentUser
FNDA:0,success
FNDA:0,fail
DA:1,1
DA:4,1
DA:8,1
DA:10,1
DA:11,11
DA:12,11
DA:14,11
DA:17,11
DA:21,1
DA:22,0
DA:25,1
DA:26,0
DA:28,1
DA:29,0
LF:14
LH:11
BRF:0
BRH:0
end_of_record
TN:
SF:./app/admin/admin.controller.js
FN:1,(anonymous_1)
FN:10,AdminController
FN:16,activate
FNF:3
FNH:3
FNDA:1,(anonymous_1)
FNDA:3,AdminController
FNDA:3,activate
DA:1,1
DA:4,1
DA:8,1
DA:10,1
DA:11,3
DA:12,3
DA:14,3
DA:16,1
DA:17,3
LF:9
LH:9
BRF:0
BRH:0
end_of_record
TN:
SF:./app/admin/admin.route.js
FN:1,(anonymous_1)
FN:10,appRun
FN:14,getStates
FNF:3
FNH:3
FNDA:1,(anonymous_1)
FNDA:6,appRun
FNDA:6,getStates
DA:1,1
DA:4,1
DA:8,1
DA:10,1
DA:11,6
DA:14,1
DA:15,6
LF:7
LH:7
BRF:0
BRH:0
end_of_record
TN:
SF:./app/auth/auth.config.js
FN:1,(anonymous_1)
FN:8,(anonymous_2)
FNF:2
FNH:2
FNDA:1,(anonymous_1)
FNDA:10,(anonymous_2)
DA:1,1
DA:8,1
DA:12,10
DA:22,10
LF:4
LH:4
BRDA:17,1,0,10
BRDA:17,1,1,0
BRDA:26,2,0,10
BRDA:26,2,1,0
BRF:4
BRH:2
end_of_record
TN:
SF:./app/auth/auth.controller.js
FN:1,(anonymous_1)
FN:10,AuthController
FN:23,(anonymous_3)
FN:25,(anonymous_4)
FN:29,(anonymous_5)
FN:34,getCurrentUser
FN:40,activate
FNF:7
FNH:6
FNDA:1,(anonymous_1)
FNDA:7,AuthController
FNDA:1,(anonymous_3)
FNDA:1,(anonymous_4)
FNDA:0,(anonymous_5)
FNDA:15,getCurrentUser
FNDA:7,activate
DA:1,1
DA:4,1
DA:8,1
DA:10,1
DA:12,7
DA:14,7
DA:19,7
DA:20,7
DA:21,7
DA:22,7
DA:23,7
DA:24,1
DA:26,1
DA:27,1
DA:30,0
DA:34,1
DA:35,15
DA:38,7
DA:40,1
DA:41,7
LF:20
LH:19
BRF:0
BRH:0
end_of_record
TN:
SF:./app/auth/auth.directive.js
FN:1,(anonymous_1)
FN:10,authLogin
FN:24,link
FNF:3
FNH:1
FNDA:1,(anonymous_1)
FNDA:0,authLogin
FNDA:0,link
DA:1,1
DA:4,1
DA:8,1
DA:10,1
DA:15,0
DA:22,0
DA:24,1
LF:7
LH:5
BRF:0
BRH:0
end_of_record
TN:
SF:./app/auth/auth.route.js
FN:1,(anonymous_1)
FN:10,appRun
FN:14,getStates
FNF:3
FNH:3
FNDA:1,(anonymous_1)
FNDA:10,appRun
FNDA:10,getStates
DA:1,1
DA:4,1
DA:8,1
DA:10,1
DA:11,10
DA:14,1
DA:15,10
LF:7
LH:7
BRF:0
BRH:0
end_of_record
TN:
SF:./app/auth/auth.service.js
FN:1,(anonymous_1)
FN:10,authService
FN:16,readStoredUser
FN:29,currentUser
FN:44,login
FN:56,(anonymous_6)
FN:65,(anonymous_7)
FN:74,logOut
FNF:8
FNH:3
FNDA:1,(anonymous_1)
FNDA:7,authService
FNDA:7,readStoredUser
FNDA:0,currentUser
FNDA:0,login
FNDA:0,(anonymous_6)
FNDA:0,(anonymous_7)
FNDA:0,logOut
DA:1,1
DA:4,1
DA:8,1
DA:10,1
DA:11,7
DA:12,7
DA:14,7
DA:16,1
DA:18,7
DA:19,7
DA:20,7
DA:22,0
DA:27,7
DA:29,1
DA:30,0
DA:31,0
DA:33,0
DA:36,7
DA:41,7
DA:44,1
DA:46,0
DA:47,0
DA:49,0
DA:50,0
DA:53,0
DA:54,0
DA:57,0
DA:58,0
DA:59,0
DA:60,0
DA:61,0
DA:62,0
DA:64,0
DA:66,0
DA:67,0
DA:70,0
DA:74,1
DA:76,0
DA:78,0
DA:79,0
LF:40
LH:17
BRDA:20,1,0,0
BRDA:20,1,1,7
BRDA:30,2,0,0
BRDA:30,2,1,0
BRDA:49,3,0,0
BRDA:49,3,1,0
BRF:6
BRH:1
end_of_record
TN:
SF:./app/blocks/exception/exception-handler.provider.js
FN:3,(anonymous_1)
FN:14,exceptionHandlerProvider
FN:20,(anonymous_3)
FN:24,(anonymous_4)
FN:37,config
FN:50,extendExceptionHandler
FN:51,(anonymous_7)
FNF:7
FNH:7
FNDA:1,(anonymous_1)
FNDA:64,exceptionHandlerProvider
FNDA:62,(anonymous_3)
FNDA:66,(anonymous_4)
FNDA:64,config
FNDA:64,extendExceptionHandler
FNDA:1,(anonymous_7)
DA:3,1
DA:6,1
DA:14,1
DA:16,64
DA:20,64
DA:21,62
DA:24,64
DA:25,66
DA:29,1
DA:37,1
DA:38,64
DA:41,1
DA:50,1
DA:51,64
DA:52,1
DA:53,1
DA:54,1
DA:55,1
DA:65,0
LF:19
LH:18
BRDA:52,1,0,1
BRDA:52,1,1,0
BRF:2
BRH:1
end_of_record
TN:
SF:./app/blocks/exception/exception.js
FN:1,(anonymous_1)
FN:9,exception
FN:15,catcher
FN:16,(anonymous_4)
FNF:4
FNH:2
FNDA:1,(anonymous_1)
FNDA:32,exception
FNDA:0,catcher
FNDA:0,(anonymous_4)
DA:1,1
DA:4,1
DA:9,1
DA:10,32
DA:13,32
DA:15,1
DA:16,0
DA:17,0
DA:18,0
DA:19,0
DA:20,0
DA:21,0
DA:23,0
DA:24,0
DA:25,0
LF:15
LH:6
BRDA:19,1,0,0
BRDA:19,1,1,0
BRDA:19,2,0,0
BRDA:19,2,1,0
BRF:4
BRH:0
end_of_record
TN:
SF:./app/blocks/logger/logger.js
FN:1,(anonymous_1)
FN:11,logger
FN:27,error
FN:32,info
FN:37,success
FN:42,warning
FNF:6
FNH:4
FNDA:1,(anonymous_1)
FNDA:64,logger
FNDA:0,error
FNDA:25,info
FNDA:19,success
FNDA:0,warning
DA:1,1
DA:4,1
DA:8,1
DA:11,1
DA:12,64
DA:24,64
DA:27,1
DA:28,0
DA:29,0
DA:32,1
DA:33,25
DA:34,25
DA:37,1
DA:38,19
DA:39,19
DA:42,1
DA:43,0
DA:44,0
LF:18
LH:14
BRF:0
BRH:0
end_of_record
TN:
SF:./app/blocks/router/router-helper.provider.js
FN:2,(anonymous_1)
FN:11,routerHelperProvider
FN:20,(anonymous_3)
FN:27,RouterHelper
FN:47,configureStates
FN:48,(anonymous_6)
FN:59,handleRoutingErrors
FN:64,(anonymous_8)
FN:82,init
FN:87,getStates
FN:89,updateDocTitle
FN:91,(anonymous_12)
FNF:12
FNH:11
FNDA:1,(anonymous_1)
FNDA:57,routerHelperProvider
FNDA:57,(anonymous_3)
FNDA:57,RouterHelper
FNDA:101,configureStates
FNDA:106,(anonymous_6)
FNDA:57,handleRoutingErrors
FNDA:0,(anonymous_8)
FNDA:57,init
FNDA:3,getStates
FNDA:57,updateDocTitle
FNDA:19,(anonymous_12)
DA:2,1
DA:5,1
DA:9,1
DA:11,1
DA:13,57
DA:18,57
DA:20,57
DA:21,57
DA:24,57
DA:25,57
DA:27,1
DA:28,57
DA:29,57
DA:30,57
DA:35,57
DA:41,57
DA:43,57
DA:47,1
DA:48,101
DA:49,106
DA:51,106
DA:53,101
DA:54,57
DA:55,57
DA:59,1
DA:63,57
DA:65,0
DA:66,0
DA:68,0
DA:69,0
DA:70,0
DA:73,0
DA:76,0
DA:77,0
DA:82,1
DA:83,57
DA:84,57
DA:87,3
DA:89,1
DA:90,57
DA:92,19
DA:93,19
DA:94,19
DA:95,19
LF:44
LH:36
BRDA:50,1,0,106
BRDA:50,1,1,106
BRDA:53,2,0,57
BRDA:53,2,1,44
BRDA:53,3,0,101
BRDA:53,3,1,60
BRDA:65,4,0,0
BRDA:65,4,1,0
BRDA:70,5,0,0
BRDA:70,5,1,0
BRDA:70,5,2,0
BRDA:70,5,3,0
BRDA:70,5,4,0
BRDA:74,6,0,0
BRDA:74,6,1,0
BRDA:74,7,0,0
BRDA:74,7,1,0
BRDA:75,8,0,0
BRDA:75,8,1,0
BRDA:94,9,0,19
BRDA:94,9,1,0
BRF:21
BRH:7
end_of_record
TN:
SF:./app/core/config.js
FN:1,(anonymous_1)
FN:10,toastrConfig
FN:26,configure
FNF:3
FNH:3
FNDA:1,(anonymous_1)
FNDA:57,toastrConfig
FNDA:57,configure
DA:1,1
DA:4,1
DA:6,1
DA:8,1
DA:10,1
DA:11,57
DA:12,57
DA:15,1
DA:20,1
DA:22,1
DA:24,1
DA:26,1
DA:27,57
DA:28,57
DA:30,57
DA:31,57
LF:16
LH:16
BRDA:27,1,0,57
BRDA:27,1,1,0
BRF:2
BRH:1
end_of_record
TN:
SF:./app/core/constants.js
FN:2,(anonymous_1)
FNF:1
FNH:1
FNDA:1,(anonymous_1)
DA:2,1
DA:5,1
LF:2
LH:2
BRF:0
BRH:0
end_of_record
TN:
SF:./app/core/core.route.js
FN:1,(anonymous_1)
FN:9,appRun
FN:14,getStates
FNF:3
FNH:3
FNDA:1,(anonymous_1)
FNDA:57,appRun
FNDA:57,getStates
DA:1,1
DA:4,1
DA:9,1
DA:10,57
DA:11,57
DA:14,1
DA:15,57
LF:7
LH:7
BRF:0
BRH:0
end_of_record
TN:
SF:./app/core/dataservice.js
FN:1,(anonymous_1)
FN:10,dataservice
FN:20,getMessageCount
FN:22,getPeople
FN:26,success
FN:29,fail
FNF:6
FNH:3
FNDA:1,(anonymous_1)
FNDA:14,dataservice
FNDA:6,getMessageCount
FNDA:0,getPeople
FNDA:0,success
FNDA:0,fail
DA:1,1
DA:4,1
DA:8,1
DA:10,1
DA:11,14
DA:13,14
DA:17,14
DA:20,6
DA:22,1
DA:23,0
DA:26,1
DA:27,0
DA:29,1
DA:30,0
LF:14
LH:11
BRF:0
BRH:0
end_of_record
TN:
SF:./app/dashboard/dashboard.controller.js
FN:1,(anonymous_1)
FN:10,DashboardController
FN:22,activate
FN:24,(anonymous_4)
FN:29,getMessageCount
FN:30,(anonymous_6)
FN:36,getPeople
FN:37,(anonymous_8)
FNF:8
FNH:8
FNDA:1,(anonymous_1)
FNDA:6,DashboardController
FNDA:6,activate
FNDA:6,(anonymous_4)
FNDA:6,getMessageCount
FNDA:6,(anonymous_6)
FNDA:6,getPeople
FNDA:6,(anonymous_8)
DA:1,1
DA:4,1
DA:8,1
DA:10,1
DA:11,6
DA:12,6
DA:16,6
DA:17,6
DA:18,6
DA:20,6
DA:22,1
DA:23,6
DA:24,6
DA:25,6
DA:29,1
DA:30,6
DA:31,6
DA:32,6
DA:36,1
DA:37,6
DA:38,6
DA:39,6
LF:22
LH:22
BRF:0
BRH:0
end_of_record
TN:
SF:./app/dashboard/dashboard.route.js
FN:1,(anonymous_1)
FN:10,appRun
FN:14,getStates
FNF:3
FNH:3
FNDA:1,(anonymous_1)
FNDA:9,appRun
FNDA:9,getStates
DA:1,1
DA:4,1
DA:8,1
DA:10,1
DA:11,9
DA:14,1
DA:15,9
LF:7
LH:7
BRF:0
BRH:0
end_of_record
TN:
SF:./app/layout/ht-sidebar.directive.js
FN:1,(anonymous_1)
FN:9,htSidebar
FN:25,link
FN:31,dropdown
FNF:4
FNH:4
FNDA:1,(anonymous_1)
FNDA:7,htSidebar
FNDA:7,link
FNDA:5,dropdown
DA:1,1
DA:4,1
DA:9,1
DA:16,7
DA:23,7
DA:25,1
DA:26,7
DA:27,7
DA:28,7
DA:29,7
DA:31,1
DA:32,5
DA:33,5
DA:34,5
DA:35,3
DA:36,3
DA:37,2
DA:38,2
DA:39,2
LF:19
LH:19
BRDA:34,1,0,3
BRDA:34,1,1,2
BRDA:37,2,0,2
BRDA:37,2,1,0
BRF:4
BRH:3
end_of_record
TN:
SF:./app/layout/ht-top-nav.directive.js
FN:1,(anonymous_1)
FN:9,htTopNav
FN:22,TopNavController
FNF:3
FNH:1
FNDA:1,(anonymous_1)
FNDA:0,htTopNav
FNDA:0,TopNavController
DA:1,1
DA:4,1
DA:9,1
DA:10,0
DA:22,1
DA:23,0
DA:26,0
LF:7
LH:4
BRF:0
BRH:0
end_of_record
TN:
SF:./app/layout/shell.controller.js
FN:1,(anonymous_1)
FN:10,ShellController
FN:23,activate
FN:28,hideSplash
FN:30,(anonymous_5)
FNF:5
FNH:5
FNDA:1,(anonymous_1)
FNDA:3,ShellController
FNDA:3,activate
FNDA:3,hideSplash
FNDA:1,(anonymous_5)
DA:1,1
DA:4,1
DA:8,1
DA:10,1
DA:11,3
DA:12,3
DA:13,3
DA:14,3
DA:15,3
DA:21,3
DA:23,1
DA:24,3
DA:25,3
DA:28,1
DA:30,3
DA:31,1
LF:16
LH:16
BRF:0
BRH:0
end_of_record
TN:
SF:./app/layout/sidebar.controller.js
FN:1,(anonymous_1)
FN:10,SidebarController
FN:17,activate
FN:19,getNavRoutes
FN:20,(anonymous_5)
FN:22,(anonymous_6)
FN:27,isCurrent
FNF:7
FNH:6
FNDA:1,(anonymous_1)
FNDA:3,SidebarController
FNDA:3,activate
FNDA:3,getNavRoutes
FNDA:9,(anonymous_5)
FNDA:0,(anonymous_6)
FNDA:3,isCurrent
DA:1,1
DA:4,1
DA:8,1
DA:10,1
DA:11,3
DA:12,3
DA:13,3
DA:15,3
DA:17,3
DA:19,1
DA:20,3
DA:21,9
DA:23,0
DA:27,1
DA:28,3
DA:29,0
DA:31,3
DA:32,3
LF:18
LH:16
BRDA:21,1,0,9
BRDA:21,1,1,3
BRDA:28,2,0,0
BRDA:28,2,1,3
BRDA:28,3,0,3
BRDA:28,3,1,3
BRDA:28,3,2,3
BRDA:32,4,0,2
BRDA:32,4,1,1
BRF:9
BRH:8
end_of_record
TN:
SF:./app/people/people.controller.js
FN:1,(anonymous_1)
FN:10,PeopleController
FN:20,activate
FN:22,(anonymous_4)
FN:27,getPeople
FN:29,(anonymous_6)
FN:35,gotoPerson
FNF:7
FNH:6
FNDA:1,(anonymous_1)
FNDA:5,PeopleController
FNDA:5,activate
FNDA:5,(anonymous_4)
FNDA:5,getPeople
FNDA:5,(anonymous_6)
FNDA:0,gotoPerson
DA:1,1
DA:4,1
DA:8,1
DA:10,1
DA:11,5
DA:12,5
DA:13,5
DA:14,5
DA:18,5
DA:20,1
DA:21,5
DA:22,5
DA:23,5
DA:27,1
DA:28,5
DA:30,5
DA:31,5
DA:35,1
DA:36,0
DA:37,0
LF:20
LH:18
BRF:0
BRH:0
end_of_record
TN:
SF:./app/people/people.route.js
FN:1,(anonymous_1)
FN:10,appRun
FN:14,getStates
FNF:3
FNH:3
FNDA:1,(anonymous_1)
FNDA:5,appRun
FNDA:5,getStates
DA:1,1
DA:4,1
DA:8,1
DA:10,1
DA:11,5
DA:14,1
DA:15,5
LF:7
LH:7
BRF:0
BRH:0
end_of_record
TN:
SF:./app/widgets/ht-img-person.directive.js
FN:1,(anonymous_1)
FN:10,htImgPerson
FN:21,link
FN:22,(anonymous_4)
FNF:4
FNH:1
FNDA:1,(anonymous_1)
FNDA:0,htImgPerson
FNDA:0,link
FNDA:0,(anonymous_4)
DA:1,1
DA:4,1
DA:8,1
DA:10,1
DA:13,0
DA:14,0
DA:15,0
DA:19,0
DA:21,1
DA:22,0
DA:23,0
DA:24,0
LF:12
LH:5
BRDA:23,1,0,0
BRDA:23,1,1,0
BRF:2
BRH:0
end_of_record
TN:
SF:./app/widgets/ht-widget-header.directive.js
FN:1,(anonymous_1)
FN:9,htWidgetHeader
FNF:2
FNH:1
FNDA:1,(anonymous_1)
FNDA:0,htWidgetHeader
DA:1,1
DA:4,1
DA:9,1
DA:16,0
DA:26,0
LF:5
LH:3
BRF:0
BRH:0
end_of_record
