TN:
SF:./app/account/account.module.js
FN:1,(anonymous_1)
FNF:1
FNH:1
FNDA:1,(anonymous_1)
DA:1,1
DA:4,1
LF:2
LH:2
BRF:0
BRH:0
end_of_record
TN:
SF:./app/admin/admin.module.js
FN:1,(anonymous_1)
FNF:1
FNH:1
FNDA:1,(anonymous_1)
DA:1,1
DA:4,1
LF:2
LH:2
BRF:0
BRH:0
end_of_record
TN:
SF:./app/animation/animation.module.js
FN:1,(anonymous_1)
FNF:1
FNH:1
FNDA:1,(anonymous_1)
DA:1,1
DA:4,1
LF:2
LH:2
BRF:0
BRH:0
end_of_record
TN:
SF:./app/app.module.js
FN:1,(anonymous_1)
FNF:1
FNH:1
FNDA:1,(anonymous_1)
DA:1,1
DA:4,1
LF:2
LH:2
BRF:0
BRH:0
end_of_record
TN:
SF:./app/auth/auth.module.js
FN:1,(anonymous_1)
FNF:1
FNH:1
FNDA:1,(anonymous_1)
DA:1,1
DA:4,1
LF:2
LH:2
BRF:0
BRH:0
end_of_record
TN:
SF:./app/blocks/exception/exception.module.js
FN:1,(anonymous_1)
FNF:1
FNH:1
FNDA:1,(anonymous_1)
DA:1,1
DA:4,1
LF:2
LH:2
BRF:0
BRH:0
end_of_record
TN:
SF:./app/blocks/logger/logger.module.js
FN:1,(anonymous_1)
FNF:1
FNH:1
FNDA:1,(anonymous_1)
DA:1,1
DA:4,1
LF:2
LH:2
BRF:0
BRH:0
end_of_record
TN:
SF:./app/blocks/router/router.module.js
FN:1,(anonymous_1)
FNF:1
FNH:1
FNDA:1,(anonymous_1)
DA:1,1
DA:4,1
LF:2
LH:2
BRF:0
BRH:0
end_of_record
TN:
SF:./app/core/core.module.js
FN:1,(anonymous_1)
FNF:1
FNH:1
FNDA:1,(anonymous_1)
DA:1,1
DA:4,1
LF:2
LH:2
BRF:0
BRH:0
end_of_record
TN:
SF:./app/dashboard/dashboard.module.js
FN:1,(anonymous_1)
FNF:1
FNH:1
FNDA:1,(anonymous_1)
DA:1,1
DA:4,1
LF:2
LH:2
BRF:0
BRH:0
end_of_record
TN:
SF:./app/layout/layout.module.js
FN:1,(anonymous_1)
FNF:1
FNH:1
FNDA:1,(anonymous_1)
DA:1,1
DA:4,1
LF:2
LH:2
BRF:0
BRH:0
end_of_record
TN:
SF:./app/people/people.module.js
FN:1,(anonymous_1)
FNF:1
FNH:1
FNDA:1,(anonymous_1)
DA:1,1
DA:4,1
LF:2
LH:2
BRF:0
BRH:0
end_of_record
TN:
SF:./app/widgets/widgets.module.js
FN:1,(anonymous_1)
FNF:1
FNH:1
FNDA:1,(anonymous_1)
DA:1,1
DA:4,1
LF:2
LH:2
BRF:0
BRH:0
end_of_record
TN:
SF:./app/account/account.controller.js
FN:1,(anonymous_1)
FN:10,AccountController
FN:29,activate
FN:31,(anonymous_4)
FN:36,getCurrentUser
FN:38,(anonymous_6)
FN:44,(anonymous_7)
FN:45,(anonymous_8)
FNF:8
FNH:8
FNDA:1,(anonymous_1)
FNDA:12,AccountController
FNDA:12,activate
FNDA:12,(anonymous_4)
FNDA:12,getCurrentUser
FNDA:12,(anonymous_6)
FNDA:1,(anonymous_7)
FNDA:1,(anonymous_8)
DA:1,1
DA:4,1
DA:8,1
DA:10,1
DA:11,12
DA:12,12
DA:14,12
DA:15,12
DA:16,12
DA:17,12
DA:27,12
DA:29,1
DA:30,12
DA:31,12
DA:32,12
DA:36,1
DA:37,12
DA:39,12
DA:40,12
DA:44,12
DA:45,1
DA:46,1
DA:47,1
LF:23
LH:23
BRF:0
BRH:0
end_of_record
TN:
SF:./app/account/account.current-user.controller.js
FN:1,(anonymous_1)
FN:10,CurrentUserController
FN:18,activate
FN:24,(anonymous_4)
FN:28,(anonymous_5)
FN:32,(anonymous_6)
FNF:6
FNH:1
FNDA:1,(anonymous_1)
FNDA:0,CurrentUserController
FNDA:0,activate
FNDA:0,(anonymous_4)
FNDA:0,(anonymous_5)
FNDA:0,(anonymous_6)
DA:1,1
DA:4,1
DA:8,1
DA:10,1
DA:11,0
DA:12,0
DA:16,0
DA:18,1
DA:19,0
DA:20,0
DA:24,0
DA:25,0
DA:28,0
DA:29,0
DA:32,0
DA:33,0
LF:16
LH:5
BRDA:19,1,0,0
BRDA:19,1,1,0
BRF:2
BRH:0
end_of_record
TN:
SF:./app/account/account.current-user.directive.js
FN:1,(anonymous_1)
FN:10,currentUser
FN:24,link
FNF:3
FNH:1
FNDA:1,(anonymous_1)
FNDA:0,currentUser
FNDA:0,link
DA:1,1
DA:4,1
DA:8,1
DA:10,1
DA:15,0
DA:22,0
DA:24,1
LF:7
LH:5
BRF:0
BRH:0
end_of_record
TN:
SF:./app/account/account.route.js
FN:1,(anonymous_1)
FN:10,appRun
FN:14,getStates
FNF:3
FNH:3
FNDA:1,(anonymous_1)
FNDA:12,appRun
FNDA:12,getStates
DA:1,1
DA:4,1
DA:8,1
DA:10,1
DA:11,12
DA:14,1
DA:15,12
LF:7
LH:7
BRF:0
BRH:0
end_of_record
TN:
SF:./app/account/account.service.js
FN:1,(anonymous_1)
FN:10,accountService
FN:22,getCurrentUser
FN:26,success
FN:30,fail
FN:35,updateCurrentUser
FN:39,success
FN:43,fail
FN:50,syncLocalUser
FNF:9
FNH:2
FNDA:1,(anonymous_1)
FNDA:12,accountService
FNDA:0,getCurrentUser
FNDA:0,success
FNDA:0,fail
FNDA:0,updateCurrentUser
FNDA:0,success
FNDA:0,fail
FNDA:0,syncLocalUser
DA:1,1
DA:4,1
DA:8,1
DA:10,1
DA:11,12
DA:12,12
DA:14,12
DA:18,12
DA:22,1
DA:23,0
DA:26,1
DA:27,0
DA:28,0
DA:30,1
DA:31,0
DA:35,1
DA:36,0
DA:39,1
DA:40,0
DA:41,0
DA:43,1
DA:44,0
DA:50,1
DA:51,0
DA:52,0
DA:53,0
LF:26
LH:15
BRF:0
BRH:0
end_of_record
TN:
SF:./app/admin/admin.controller.js
FN:1,(anonymous_1)
FN:10,AdminController
FN:16,activate
FNF:3
FNH:3
FNDA:1,(anonymous_1)
FNDA:3,AdminController
FNDA:3,activate
DA:1,1
DA:4,1
DA:8,1
DA:10,1
DA:11,3
DA:12,3
DA:14,3
DA:16,1
DA:17,3
LF:9
LH:9
BRF:0
BRH:0
end_of_record
TN:
SF:./app/admin/admin.route.js
FN:1,(anonymous_1)
FN:10,appRun
FN:14,getStates
FNF:3
FNH:3
FNDA:1,(anonymous_1)
FNDA:5,appRun
FNDA:5,getStates
DA:1,1
DA:4,1
DA:8,1
DA:10,1
DA:11,5
DA:14,1
DA:15,5
LF:7
LH:7
BRF:0
BRH:0
end_of_record
TN:
SF:./app/animation/form-line.directive.js
FN:1,(anonymous_1)
FN:10,fgLine
FN:21,link
FN:23,(anonymous_4)
FN:27,(anonymous_5)
FNF:5
FNH:1
FNDA:1,(anonymous_1)
FNDA:0,fgLine
FNDA:0,link
FNDA:0,(anonymous_4)
FNDA:0,(anonymous_5)
DA:1,1
DA:4,1
DA:8,1
DA:10,1
DA:15,0
DA:19,0
DA:21,1
DA:22,0
DA:23,0
DA:24,0
DA:27,0
DA:28,0
DA:29,0
DA:31,0
DA:32,0
DA:33,0
DA:37,0
LF:17
LH:5
BRDA:22,1,0,0
BRDA:22,1,1,0
BRDA:31,2,0,0
BRDA:31,2,1,0
BRDA:32,3,0,0
BRDA:32,3,1,0
BRF:6
BRH:0
end_of_record
TN:
SF:./app/auth/auth.config.js
FN:1,(anonymous_1)
FN:4,(anonymous_2)
FN:9,loadSavedUser
FNF:3
FNH:3
FNDA:1,(anonymous_1)
FNDA:47,(anonymous_2)
FNDA:47,loadSavedUser
DA:1,1
DA:4,1
DA:5,47
DA:8,1
DA:9,1
DA:10,47
LF:6
LH:6
BRF:0
BRH:0
end_of_record
TN:
SF:./app/auth/auth.interceptor.js
FN:1,(anonymous_1)
FN:9,authInterceptorService
FN:18,request
FN:27,responseError
FN:32,(anonymous_5)
FN:35,(anonymous_6)
FN:55,retryHttpRequest
FN:57,(anonymous_8)
FN:61,(anonymous_9)
FNF:9
FNH:3
FNDA:1,(anonymous_1)
FNDA:47,authInterceptorService
FNDA:17,request
FNDA:0,responseError
FNDA:0,(anonymous_5)
FNDA:0,(anonymous_6)
FNDA:0,retryHttpRequest
FNDA:0,(anonymous_8)
FNDA:0,(anonymous_9)
DA:1,1
DA:3,1
DA:7,1
DA:9,1
DA:11,47
DA:16,47
DA:18,1
DA:19,17
DA:20,17
DA:21,17
DA:22,0
DA:24,17
DA:27,1
DA:28,0
DA:29,0
DA:30,0
DA:31,0
DA:32,0
DA:33,0
DA:36,0
DA:37,0
DA:38,0
DA:39,0
DA:42,0
DA:43,0
DA:44,0
DA:45,0
DA:48,0
DA:49,0
DA:51,0
DA:52,0
DA:55,1
DA:56,0
DA:57,0
DA:58,0
DA:59,0
DA:62,0
DA:63,0
LF:38
LH:13
BRDA:19,1,0,17
BRDA:19,1,1,0
BRDA:21,2,0,0
BRDA:21,2,1,17
BRDA:30,3,0,0
BRDA:30,3,1,0
BRDA:42,4,0,0
BRDA:42,4,1,0
BRF:8
BRH:2
end_of_record
TN:
SF:./app/auth/auth.logout.directive.js
FN:1,(anonymous_1)
FN:10,authLogout
FN:19,(anonymous_3)
FN:20,(anonymous_4)
FN:29,link
FNF:5
FNH:1
FNDA:1,(anonymous_1)
FNDA:0,authLogout
FNDA:0,(anonymous_3)
FNDA:0,(anonymous_4)
FNDA:0,link
DA:1,1
DA:4,1
DA:8,1
DA:10,1
DA:15,0
DA:20,0
DA:21,0
DA:22,0
DA:23,0
DA:27,0
DA:29,1
LF:11
LH:5
BRF:0
BRH:0
end_of_record
TN:
SF:./app/auth/auth.modal.controller.js
FN:1,(anonymous_1)
FN:10,AuthModalController
FN:21,(anonymous_3)
FN:29,(anonymous_4)
FN:31,(anonymous_5)
FN:36,(anonymous_6)
FN:43,(anonymous_7)
FN:45,(anonymous_8)
FN:54,(anonymous_9)
FN:60,(anonymous_10)
FN:63,(anonymous_11)
FN:66,(anonymous_12)
FNF:12
FNH:1
FNDA:1,(anonymous_1)
FNDA:0,AuthModalController
FNDA:0,(anonymous_3)
FNDA:0,(anonymous_4)
FNDA:0,(anonymous_5)
FNDA:0,(anonymous_6)
FNDA:0,(anonymous_7)
FNDA:0,(anonymous_8)
FNDA:0,(anonymous_9)
FNDA:0,(anonymous_10)
FNDA:0,(anonymous_11)
FNDA:0,(anonymous_12)
DA:1,1
DA:4,1
DA:8,1
DA:10,1
DA:12,0
DA:13,0
DA:14,0
DA:18,0
DA:21,0
DA:22,0
DA:25,0
DA:26,0
DA:29,0
DA:30,0
DA:32,0
DA:33,0
DA:34,0
DA:37,0
DA:38,0
DA:43,0
DA:44,0
DA:46,0
DA:47,0
DA:48,0
DA:49,0
DA:51,0
DA:55,0
DA:56,0
DA:60,0
DA:61,0
DA:62,0
DA:64,0
DA:67,0
DA:68,0
LF:34
LH:4
BRDA:46,1,0,0
BRDA:46,1,1,0
BRDA:61,2,0,0
BRDA:61,2,1,0
BRF:4
BRH:0
end_of_record
TN:
SF:./app/auth/auth.service.js
FN:1,(anonymous_1)
FN:10,authService
FN:33,login
FN:45,(anonymous_4)
FN:56,(anonymous_5)
FN:65,logout
FN:79,register
FN:81,(anonymous_8)
FN:87,refreshUserToken
FN:100,(anonymous_10)
FN:111,(anonymous_11)
FN:122,currentUser
FN:129,readStoredUser
FN:141,openLoginModal
FN:149,(anonymous_15)
FN:155,checkUsername
FN:157,(anonymous_17)
FNF:17
FNH:4
FNDA:1,(anonymous_1)
FNDA:47,authService
FNDA:0,login
FNDA:0,(anonymous_4)
FNDA:0,(anonymous_5)
FNDA:0,logout
FNDA:0,register
FNDA:0,(anonymous_8)
FNDA:0,refreshUserToken
FNDA:0,(anonymous_10)
FNDA:0,(anonymous_11)
FNDA:47,currentUser
FNDA:47,readStoredUser
FNDA:0,openLoginModal
FNDA:0,(anonymous_15)
FNDA:0,checkUsername
FNDA:0,(anonymous_17)
DA:1,1
DA:4,1
DA:8,1
DA:10,1
DA:11,47
DA:12,47
DA:14,47
DA:24,47
DA:33,1
DA:35,0
DA:36,0
DA:38,0
DA:39,0
DA:42,0
DA:43,0
DA:46,0
DA:47,0
DA:48,0
DA:49,0
DA:50,0
DA:51,0
DA:52,0
DA:53,0
DA:54,0
DA:55,0
DA:57,0
DA:58,0
DA:61,0
DA:65,1
DA:67,0
DA:68,0
DA:69,0
DA:70,0
DA:71,0
DA:72,0
DA:73,0
DA:74,0
DA:75,0
DA:76,0
DA:79,1
DA:81,0
DA:82,0
DA:87,1
DA:88,0
DA:90,0
DA:92,0
DA:94,0
DA:96,0
DA:98,0
DA:101,0
DA:102,0
DA:103,0
DA:104,0
DA:105,0
DA:106,0
DA:107,0
DA:108,0
DA:109,0
DA:110,0
DA:112,0
DA:113,0
DA:116,0
DA:119,0
DA:122,1
DA:123,47
DA:124,47
DA:126,47
DA:129,1
DA:130,47
DA:131,47
DA:132,47
DA:133,0
DA:134,0
DA:141,1
DA:142,0
DA:149,0
DA:150,0
DA:151,0
DA:155,1
DA:157,0
DA:158,0
DA:163,47
LF:82
LH:23
BRDA:38,1,0,0
BRDA:38,1,1,0
BRDA:92,2,0,0
BRDA:92,2,1,0
BRDA:123,3,0,47
BRDA:123,3,1,0
BRDA:132,4,0,0
BRDA:132,4,1,47
BRF:8
BRH:2
end_of_record
TN:
SF:./app/blocks/exception/exception-handler.provider.js
FN:3,(anonymous_1)
FN:14,exceptionHandlerProvider
FN:20,(anonymous_3)
FN:24,(anonymous_4)
FN:37,config
FN:50,extendExceptionHandler
FN:51,(anonymous_7)
FNF:7
FNH:7
FNDA:1,(anonymous_1)
FNDA:54,exceptionHandlerProvider
FNDA:52,(anonymous_3)
FNDA:56,(anonymous_4)
FNDA:54,config
FNDA:54,extendExceptionHandler
FNDA:1,(anonymous_7)
DA:3,1
DA:6,1
DA:14,1
DA:16,54
DA:20,54
DA:21,52
DA:24,54
DA:25,56
DA:29,1
DA:37,1
DA:38,54
DA:41,1
DA:50,1
DA:51,54
DA:52,1
DA:53,1
DA:54,1
DA:55,1
DA:65,0
LF:19
LH:18
BRDA:52,1,0,1
BRDA:52,1,1,0
BRF:2
BRH:1
end_of_record
TN:
SF:./app/blocks/exception/exception.js
FN:1,(anonymous_1)
FN:9,exception
FN:15,catcher
FN:16,(anonymous_4)
FNF:4
FNH:2
FNDA:1,(anonymous_1)
FNDA:47,exception
FNDA:0,catcher
FNDA:0,(anonymous_4)
DA:1,1
DA:4,1
DA:9,1
DA:10,47
DA:13,47
DA:15,1
DA:16,0
DA:17,0
DA:18,0
DA:19,0
DA:20,0
DA:21,0
DA:23,0
DA:24,0
DA:25,0
LF:15
LH:6
BRDA:19,1,0,0
BRDA:19,1,1,0
BRDA:19,2,0,0
BRDA:19,2,1,0
BRF:4
BRH:0
end_of_record
TN:
SF:./app/blocks/logger/logger.js
FN:1,(anonymous_1)
FN:11,logger
FN:27,error
FN:32,info
FN:37,success
FN:42,warning
FNF:6
FNH:4
FNDA:1,(anonymous_1)
FNDA:54,logger
FNDA:0,error
FNDA:26,info
FNDA:21,success
FNDA:0,warning
DA:1,1
DA:4,1
DA:8,1
DA:11,1
DA:12,54
DA:24,54
DA:27,1
DA:28,0
DA:29,0
DA:32,1
DA:33,26
DA:34,26
DA:37,1
DA:38,21
DA:39,21
DA:42,1
DA:43,0
DA:44,0
LF:18
LH:14
BRF:0
BRH:0
end_of_record
TN:
SF:./app/blocks/router/router-helper.provider.js
FN:2,(anonymous_1)
FN:11,routerHelperProvider
FN:20,(anonymous_3)
FN:27,RouterHelper
FN:47,configureStates
FN:48,(anonymous_6)
FN:59,handleRoutingErrors
FN:64,(anonymous_8)
FN:82,requireAuth
FN:86,(anonymous_10)
FN:93,(anonymous_11)
FN:101,(anonymous_12)
FN:111,init
FN:117,getStates
FN:119,updateDocTitle
FN:121,(anonymous_16)
FNF:16
FNH:13
FNDA:1,(anonymous_1)
FNDA:47,routerHelperProvider
FNDA:47,(anonymous_3)
FNDA:47,RouterHelper
FNDA:81,configureStates
FNDA:86,(anonymous_6)
FNDA:47,handleRoutingErrors
FNDA:0,(anonymous_8)
FNDA:47,requireAuth
FNDA:17,(anonymous_10)
FNDA:0,(anonymous_11)
FNDA:0,(anonymous_12)
FNDA:47,init
FNDA:3,getStates
FNDA:47,updateDocTitle
FNDA:17,(anonymous_16)
DA:2,1
DA:5,1
DA:9,1
DA:11,1
DA:13,47
DA:18,47
DA:20,47
DA:21,47
DA:24,47
DA:25,47
DA:27,1
DA:28,47
DA:29,47
DA:30,47
DA:35,47
DA:41,47
DA:43,47
DA:47,1
DA:48,81
DA:49,86
DA:51,86
DA:53,81
DA:54,47
DA:55,47
DA:59,1
DA:63,47
DA:65,0
DA:66,0
DA:68,0
DA:69,0
DA:70,0
DA:73,0
DA:76,0
DA:77,0
DA:82,1
DA:86,47
DA:87,17
DA:89,17
DA:90,0
DA:91,0
DA:92,0
DA:94,0
DA:95,0
DA:98,0
DA:102,0
DA:103,0
DA:111,1
DA:112,47
DA:113,47
DA:114,47
DA:117,3
DA:119,1
DA:120,47
DA:122,17
DA:123,17
DA:124,17
DA:125,17
LF:57
LH:41
BRDA:50,1,0,86
BRDA:50,1,1,86
BRDA:53,2,0,47
BRDA:53,2,1,34
BRDA:53,3,0,81
BRDA:53,3,1,50
BRDA:65,4,0,0
BRDA:65,4,1,0
BRDA:70,5,0,0
BRDA:70,5,1,0
BRDA:70,5,2,0
BRDA:70,5,3,0
BRDA:70,5,4,0
BRDA:74,6,0,0
BRDA:74,6,1,0
BRDA:74,7,0,0
BRDA:74,7,1,0
BRDA:75,8,0,0
BRDA:75,8,1,0
BRDA:89,9,0,0
BRDA:89,9,1,17
BRDA:89,10,0,17
BRDA:89,10,1,0
BRDA:89,10,2,0
BRDA:94,11,0,0
BRDA:94,11,1,0
BRDA:124,12,0,17
BRDA:124,12,1,0
BRF:28
BRH:9
end_of_record
TN:
SF:./app/core/config.js
FN:1,(anonymous_1)
FN:10,toastrConfig
FN:26,configure
FNF:3
FNH:3
FNDA:1,(anonymous_1)
FNDA:47,toastrConfig
FNDA:47,configure
DA:1,1
DA:4,1
DA:6,1
DA:8,1
DA:10,1
DA:11,47
DA:12,47
DA:15,1
DA:20,1
DA:22,1
DA:24,1
DA:26,1
DA:27,47
DA:28,47
DA:30,47
DA:31,47
LF:16
LH:16
BRDA:27,1,0,47
BRDA:27,1,1,0
BRF:2
BRH:1
end_of_record
TN:
SF:./app/core/constants.js
FN:2,(anonymous_1)
FNF:1
FNH:1
FNDA:1,(anonymous_1)
DA:2,1
DA:5,1
LF:2
LH:2
BRF:0
BRH:0
end_of_record
TN:
SF:./app/core/core.route.js
FN:1,(anonymous_1)
FN:9,appRun
FN:14,getStates
FNF:3
FNH:3
FNDA:1,(anonymous_1)
FNDA:47,appRun
FNDA:47,getStates
DA:1,1
DA:4,1
DA:9,1
DA:10,47
DA:11,47
DA:14,1
DA:15,47
LF:7
LH:7
BRF:0
BRH:0
end_of_record
TN:
SF:./app/core/dataservice.js
FN:1,(anonymous_1)
FN:10,dataservice
FN:20,getMessageCount
FN:22,getPeople
FNF:4
FNH:3
FNDA:1,(anonymous_1)
FNDA:14,dataservice
FNDA:6,getMessageCount
FNDA:0,getPeople
DA:1,1
DA:4,1
DA:8,1
DA:10,1
DA:11,14
DA:13,14
DA:17,14
DA:20,6
DA:22,1
DA:23,0
LF:10
LH:9
BRF:0
BRH:0
end_of_record
TN:
SF:./app/dashboard/dashboard.controller.js
FN:1,(anonymous_1)
FN:10,DashboardController
FN:22,activate
FN:24,(anonymous_4)
FN:29,getMessageCount
FN:30,(anonymous_6)
FN:36,getPeople
FN:37,(anonymous_8)
FNF:8
FNH:8
FNDA:1,(anonymous_1)
FNDA:6,DashboardController
FNDA:6,activate
FNDA:6,(anonymous_4)
FNDA:6,getMessageCount
FNDA:6,(anonymous_6)
FNDA:6,getPeople
FNDA:6,(anonymous_8)
DA:1,1
DA:4,1
DA:8,1
DA:10,1
DA:11,6
DA:12,6
DA:16,6
DA:17,6
DA:18,6
DA:20,6
DA:22,1
DA:23,6
DA:24,6
DA:25,6
DA:29,1
DA:30,6
DA:31,6
DA:32,6
DA:36,1
DA:37,6
DA:38,6
DA:39,6
LF:22
LH:22
BRF:0
BRH:0
end_of_record
TN:
SF:./app/dashboard/dashboard.route.js
FN:1,(anonymous_1)
FN:10,appRun
FN:14,getStates
FNF:3
FNH:3
FNDA:1,(anonymous_1)
FNDA:9,appRun
FNDA:9,getStates
DA:1,1
DA:4,1
DA:8,1
DA:10,1
DA:11,9
DA:14,1
DA:15,9
LF:7
LH:7
BRF:0
BRH:0
end_of_record
TN:
SF:./app/layout/ht-sidebar.directive.js
FN:1,(anonymous_1)
FN:9,htSidebar
FN:25,link
FN:31,dropdown
FNF:4
FNH:4
FNDA:1,(anonymous_1)
FNDA:7,htSidebar
FNDA:7,link
FNDA:5,dropdown
DA:1,1
DA:4,1
DA:9,1
DA:16,7
DA:23,7
DA:25,1
DA:26,7
DA:27,7
DA:28,7
DA:29,7
DA:31,1
DA:32,5
DA:33,5
DA:34,5
DA:35,3
DA:36,3
DA:37,2
DA:38,2
DA:39,2
LF:19
LH:19
BRDA:34,1,0,3
BRDA:34,1,1,2
BRDA:37,2,0,2
BRDA:37,2,1,0
BRF:4
BRH:3
end_of_record
TN:
SF:./app/layout/ht-top-nav.directive.js
FN:1,(anonymous_1)
FN:9,htTopNav
FN:22,TopNavController
FNF:3
FNH:1
FNDA:1,(anonymous_1)
FNDA:0,htTopNav
FNDA:0,TopNavController
DA:1,1
DA:4,1
DA:9,1
DA:10,0
DA:22,1
DA:23,0
DA:26,0
LF:7
LH:4
BRF:0
BRH:0
end_of_record
TN:
SF:./app/layout/shell.controller.js
FN:1,(anonymous_1)
FN:10,ShellController
FN:24,activate
FN:29,hideSplash
FN:31,(anonymous_5)
FNF:5
FNH:5
FNDA:1,(anonymous_1)
FNDA:3,ShellController
FNDA:3,activate
FNDA:3,hideSplash
FNDA:1,(anonymous_5)
DA:1,1
DA:4,1
DA:8,1
DA:10,1
DA:11,3
DA:12,3
DA:13,3
DA:14,3
DA:15,3
DA:16,3
DA:22,3
DA:24,1
DA:25,3
DA:26,3
DA:29,1
DA:31,3
DA:32,1
LF:17
LH:17
BRF:0
BRH:0
end_of_record
TN:
SF:./app/layout/sidebar.controller.js
FN:1,(anonymous_1)
FN:10,SidebarController
FN:17,activate
FN:19,getNavRoutes
FN:20,(anonymous_5)
FN:22,(anonymous_6)
FN:27,isCurrent
FNF:7
FNH:7
FNDA:1,(anonymous_1)
FNDA:3,SidebarController
FNDA:3,activate
FNDA:3,getNavRoutes
FNDA:9,(anonymous_5)
FNDA:3,(anonymous_6)
FNDA:3,isCurrent
DA:1,1
DA:4,1
DA:8,1
DA:10,1
DA:11,3
DA:12,3
DA:13,3
DA:15,3
DA:17,3
DA:19,1
DA:20,3
DA:21,9
DA:23,3
DA:27,1
DA:28,3
DA:29,0
DA:31,3
DA:32,3
LF:18
LH:17
BRDA:21,1,0,9
BRDA:21,1,1,6
BRDA:28,2,0,0
BRDA:28,2,1,3
BRDA:28,3,0,3
BRDA:28,3,1,3
BRDA:28,3,2,3
BRDA:32,4,0,2
BRDA:32,4,1,1
BRF:9
BRH:8
end_of_record
TN:
SF:./app/layout/submenu.toggle.directive.js
FN:1,(anonymous_1)
FN:10,toggleSubmenu
FN:21,link
FN:22,(anonymous_4)
FNF:4
FNH:1
FNDA:1,(anonymous_1)
FNDA:0,toggleSubmenu
FNDA:0,link
FNDA:0,(anonymous_4)
DA:1,1
DA:4,1
DA:8,1
DA:10,1
DA:15,0
DA:19,0
DA:21,1
DA:22,0
DA:23,0
DA:24,0
LF:10
LH:5
BRF:0
BRH:0
end_of_record
TN:
SF:./app/people/people.controller.js
FN:1,(anonymous_1)
FN:10,PeopleController
FN:20,activate
FN:22,(anonymous_4)
FN:27,getPeople
FN:29,(anonymous_6)
FN:35,gotoPerson
FNF:7
FNH:6
FNDA:1,(anonymous_1)
FNDA:5,PeopleController
FNDA:5,activate
FNDA:5,(anonymous_4)
FNDA:5,getPeople
FNDA:5,(anonymous_6)
FNDA:0,gotoPerson
DA:1,1
DA:4,1
DA:8,1
DA:10,1
DA:11,5
DA:12,5
DA:13,5
DA:14,5
DA:18,5
DA:20,1
DA:21,5
DA:22,5
DA:23,5
DA:27,1
DA:28,5
DA:30,5
DA:31,5
DA:35,1
DA:36,0
DA:37,0
LF:20
LH:18
BRF:0
BRH:0
end_of_record
TN:
SF:./app/people/people.route.js
FN:1,(anonymous_1)
FN:10,appRun
FN:14,getStates
FNF:3
FNH:3
FNDA:1,(anonymous_1)
FNDA:5,appRun
FNDA:5,getStates
DA:1,1
DA:4,1
DA:8,1
DA:10,1
DA:11,5
DA:14,1
DA:15,5
LF:7
LH:7
BRF:0
BRH:0
end_of_record
TN:
SF:./app/widgets/ht-img-person.directive.js
FN:1,(anonymous_1)
FN:10,htImgPerson
FN:21,link
FN:22,(anonymous_4)
FNF:4
FNH:1
FNDA:1,(anonymous_1)
FNDA:0,htImgPerson
FNDA:0,link
FNDA:0,(anonymous_4)
DA:1,1
DA:4,1
DA:8,1
DA:10,1
DA:13,0
DA:14,0
DA:15,0
DA:19,0
DA:21,1
DA:22,0
DA:23,0
DA:24,0
LF:12
LH:5
BRDA:23,1,0,0
BRDA:23,1,1,0
BRF:2
BRH:0
end_of_record
TN:
SF:./app/widgets/ht-widget-header.directive.js
FN:1,(anonymous_1)
FN:9,htWidgetHeader
FNF:2
FNH:1
FNDA:1,(anonymous_1)
FNDA:0,htWidgetHeader
DA:1,1
DA:4,1
DA:9,1
DA:16,0
DA:26,0
LF:5
LH:3
BRF:0
BRH:0
end_of_record
